<?xml version="1.0" encoding="UTF-8"?>
<testng-results ignored="0" total="1" passed="1" failed="0" skipped="0">
  <reporter-output>
    <line>
      <![CDATA[<div "featureFile">Feature File: D:&#x2F;Work_Space_3&#x2F;CucumberWithTestNG&#x2F;src&#x2F;features&#x2F;login1.feature</div>]]>
    </line>
    <line>
      <![CDATA[<div "result">user should be at online shopping site (PASSED : 6s)</div>]]>
    </line>
    <line>
      <![CDATA[<div "result">user sign in with valid credentials and sign out from account (PASSED : 18s)</div>]]>
    </line>
    <line>
      <![CDATA[<div "result">user should get logout successfully and login page should display successfuly (PASSED : 0s)</div>]]>
    </line>
  </reporter-output>
  <suite started-at="2021-03-31T19:01:03Z" name="Default suite" finished-at="2021-03-31T19:01:28Z" duration-ms="25436">
    <groups>
      <group name="cucumber">
        <method signature="Runner.feature(cucumber.api.testng.CucumberFeatureWrapper)[pri:0, instance:myRunner.Runner@6bb4dd34]" name="feature" class="myRunner.Runner"/>
      </group> <!-- cucumber -->
    </groups>
    <test started-at="2021-03-31T19:01:03Z" name="Default test" finished-at="2021-03-31T19:01:28Z" duration-ms="25436">
      <class name="myRunner.Runner">
        <test-method is-config="true" signature="setUpClass()[pri:0, instance:myRunner.Runner@6bb4dd34]" started-at="2021-03-31T19:01:03Z" name="setUpClass" finished-at="2021-03-31T19:01:03Z" duration-ms="108" status="PASS">
          <reporter-output>
          </reporter-output>
        </test-method> <!-- setUpClass -->
        <test-method signature="feature(cucumber.api.testng.CucumberFeatureWrapper)[pri:0, instance:myRunner.Runner@6bb4dd34]" started-at="2021-03-31T19:01:03Z" name="feature" description="Runs Cucumber Feature" data-provider="features" finished-at="2021-03-31T19:01:28Z" duration-ms="25272" status="PASS">
          <params>
            <param index="0">
              <value>
                <![CDATA["login1"]]>
              </value>
            </param>
          </params>
          <reporter-output>
            <line>
              <![CDATA[<div "featureFile">Feature File: D:&#x2F;Work_Space_3&#x2F;CucumberWithTestNG&#x2F;src&#x2F;features&#x2F;login1.feature</div>]]>
            </line>
            <line>
              <![CDATA[<div "result">user should be at online shopping site (PASSED : 6s)</div>]]>
            </line>
            <line>
              <![CDATA[<div "result">user sign in with valid credentials and sign out from account (PASSED : 18s)</div>]]>
            </line>
            <line>
              <![CDATA[<div "result">user should get logout successfully and login page should display successfuly (PASSED : 0s)</div>]]>
            </line>
          </reporter-output>
        </test-method> <!-- feature -->
        <test-method is-config="true" signature="tearDownClass()[pri:0, instance:myRunner.Runner@6bb4dd34]" started-at="2021-03-31T19:01:28Z" name="tearDownClass" finished-at="2021-03-31T19:01:28Z" duration-ms="10" status="PASS">
          <reporter-output>
          </reporter-output>
        </test-method> <!-- tearDownClass -->
      </class> <!-- myRunner.Runner -->
    </test> <!-- Default test -->
  </suite> <!-- Default suite -->
</testng-results>
